#
# There is insufficient memory for the Java Runtime Environment to continue.
# Native memory allocation (malloc) failed to allocate 1048576 bytes for AllocateHeap
# Possible reasons:
#   The system is out of physical RAM or swap space
#   In 32 bit mode, the process size limit was hit
# Possible solutions:
#   Reduce memory load on the system
#   Increase physical memory or swap space
#   Check if swap backing store is full
#   Use 64 bit Java on a 64 bit OS
#   Decrease Java heap size (-Xmx/-Xms)
#   Decrease number of Java threads
#   Decrease Java thread stack sizes (-Xss)
#   Set larger code cache with -XX:ReservedCodeCacheSize=
# This output file may be truncated or incomplete.
#
#  Out of Memory Error (memory/allocation.inline.hpp:61), pid=16036, tid=0x0000000000001dfc
#
# JRE version:  (8.0_152-b06) (build )
# Java VM: OpenJDK 64-Bit Server VM (25.152-b06 mixed mode windows-amd64 compressed oops)
# Failed to write core dump. Minidumps are not enabled by default on client versions of Windows
#

---------------  T H R E A D  ---------------

Current thread (0x0000000002832800):  JavaThread "Unknown thread" [_thread_in_vm, id=7676, stack(0x0000000002730000,0x0000000002830000)]

Stack: [0x0000000002730000,0x0000000002830000]
[error occurred during error reporting (printing stack bounds), id 0xc0000005]

Native frames: (J=compiled Java code, j=interpreted, Vv=VM code, C=native code)


---------------  P R O C E S S  ---------------

Java Threads: ( => current thread )

Other Threads:

=>0x0000000002832800 (exited) JavaThread "Unknown thread" [_thread_in_vm, id=7676, stack(0x0000000002730000,0x0000000002830000)]

VM state:not at safepoint (normal execution)

VM Mutex/Monitor currently owned by a thread: None

Heap:
 PSYoungGen      total 38400K, used 665K [0x00000000eab00000, 0x00000000ed580000, 0x0000000100000000)
  eden space 33280K, 2% used [0x00000000eab00000,0x00000000eaba6670,0x00000000ecb80000)
  from space 5120K, 0% used [0x00000000ed080000,0x00000000ed080000,0x00000000ed580000)
  to   space 5120K, 0% used [0x00000000ecb80000,0x00000000ecb80000,0x00000000ed080000)
 ParOldGen       total 87552K, used 0K [0x00000000c0000000, 0x00000000c5580000, 0x00000000eab00000)
  object space 87552K, 0% used [0x00000000c0000000,0x00000000c0000000,0x00000000c5580000)
 Metaspace       used 772K, capacity 4480K, committed 4480K, reserved 1056768K
  class space    used 73K, capacity 384K, committed 384K, reserved 1048576K

Card table byte_map: [0x0000000011cf0000,0x0000000011f00000] byte_map_base: 0x00000000116f0000

Marking Bits: (ParMarkBitMap*) 0x0000000058335aa0
 Begin Bits: [0x0000000012860000, 0x0000000013860000)
 End Bits:   [0x0000000013860000, 0x0000000014860000)

Polling page: 0x0000000000680000

CodeCache: size=245760Kb used=328Kb max_used=328Kb free=245431Kb
 bounds [0x0000000002930000, 0x0000000002ba0000, 0x0000000011930000]
 total_blobs=57 nmethods=0 adapters=38
 compilation: enabled

Compilation events (0 events):
No events

GC Heap History (0 events):
No events

Deoptimization events (0 events):
No events

Classes redefined (0 events):
No events

Internal exceptions (0 events):
No events

Events (10 events):
Event: 0.026 loading class java/lang/Short
Event: 0.026 loading class java/lang/Short done
Event: 0.026 loading class java/lang/Integer
Event: 0.026 loading class java/lang/Integer done
Event: 0.026 loading class java/lang/Long
Event: 0.026 loading class java/lang/Long done
Event: 0.027 loading class java/lang/NullPointerException
Event: 0.027 loading class java/lang/NullPointerException done
Event: 0.027 loading class java/lang/ArithmeticException
Event: 0.027 loading class java/lang/ArithmeticException done


Dynamic libraries:
0x00007ff6d2040000 - 0x00007ff6d2071000 	C:\Program Files\Android\Android Studio\jre\bin\java.exe
0x00007ff914820000 - 0x00007ff914a01000 	C:\WINDOWS\SYSTEM32\ntdll.dll
0x00007ff914730000 - 0x00007ff9147e2000 	C:\WINDOWS\System32\KERNEL32.DLL
0x00007ff910ff0000 - 0x00007ff911263000 	C:\WINDOWS\System32\KERNELBASE.dll
0x00007ff911cb0000 - 0x00007ff911d51000 	C:\WINDOWS\System32\ADVAPI32.dll
0x00007ff914050000 - 0x00007ff9140ee000 	C:\WINDOWS\System32\msvcrt.dll
0x00007ff9145a0000 - 0x00007ff9145fb000 	C:\WINDOWS\System32\sechost.dll
0x00007ff911e70000 - 0x00007ff911f94000 	C:\WINDOWS\System32\RPCRT4.dll
0x00007ff914110000 - 0x00007ff9142a0000 	C:\WINDOWS\System32\USER32.dll
0x00007ff910bf0000 - 0x00007ff910c10000 	C:\WINDOWS\System32\win32u.dll
0x00007ff914440000 - 0x00007ff914468000 	C:\WINDOWS\System32\GDI32.dll
0x00007ff911b10000 - 0x00007ff911ca2000 	C:\WINDOWS\System32\gdi32full.dll
0x00007ff910f00000 - 0x00007ff910f9f000 	C:\WINDOWS\System32\msvcp_win.dll
0x00007ff910e00000 - 0x00007ff910efa000 	C:\WINDOWS\System32\ucrtbase.dll
0x00007ff901b60000 - 0x00007ff901dc9000 	C:\WINDOWS\WinSxS\amd64_microsoft.windows.common-controls_6595b64144ccf1df_6.0.17134.345_none_fb429a5930656358\COMCTL32.dll
0x00007ff9137e0000 - 0x00007ff913b03000 	C:\WINDOWS\System32\combase.dll
0x00007ff911a90000 - 0x00007ff911b0a000 	C:\WINDOWS\System32\bcryptPrimitives.dll
0x00007ff911fa0000 - 0x00007ff911fcd000 	C:\WINDOWS\System32\IMM32.DLL
0x0000000056ec0000 - 0x0000000056f92000 	C:\Program Files\Android\Android Studio\jre\jre\bin\msvcr100.dll
0x0000000057b70000 - 0x00000000583b1000 	C:\Program Files\Android\Android Studio\jre\jre\bin\server\jvm.dll
0x00007ff914600000 - 0x00007ff914608000 	C:\WINDOWS\System32\PSAPI.DLL
0x00007ff90a930000 - 0x00007ff90a93a000 	C:\WINDOWS\SYSTEM32\VERSION.dll
0x00007ff90d990000 - 0x00007ff90d9b3000 	C:\WINDOWS\SYSTEM32\WINMM.dll
0x00007ff902550000 - 0x00007ff902559000 	C:\WINDOWS\SYSTEM32\WSOCK32.dll
0x00007ff914610000 - 0x00007ff91467c000 	C:\WINDOWS\System32\WS2_32.dll
0x00007ff90d960000 - 0x00007ff90d98a000 	C:\WINDOWS\SYSTEM32\winmmbase.dll
0x00007ff910fa0000 - 0x00007ff910fe9000 	C:\WINDOWS\System32\cfgmgr32.dll
0x00007ff90ac90000 - 0x00007ff90ac9f000 	C:\Program Files\Android\Android Studio\jre\jre\bin\verify.dll
0x00007ff9078e0000 - 0x00007ff907909000 	C:\Program Files\Android\Android Studio\jre\jre\bin\java.dll
0x00007ff9078c0000 - 0x00007ff9078d6000 	C:\Program Files\Android\Android Studio\jre\jre\bin\zip.dll

VM Arguments:
jvm_args: -Djava.awt.headless=true -Xmx1024M -Dfile.encoding=x-windows-949 -Duser.country=KR -Duser.language=ko -Duser.variant 
java_command: com.android.dx.command.Main --dex --output C:\Users\Ellis\AndroidStudioProjects\BlunoBasicDemo\app\build\intermediates\pre-dexed\debug\support-annotations-21.0.3_478fbb87b080387cdc97bafc3590040e16e0fe46.jar C:\Users\Ellis\AppData\Local\Android\Sdk\extras\android\m2repository\com\android\support\support-annotations\21.0.3\support-annotations-21.0.3.jar
java_class_path (initial): C:\Users\Ellis\AppData\Local\Android\Sdk\build-tools\21.1.2\lib\dx.jar
Launcher Type: SUN_STANDARD

Environment Variables:
JAVA_HOME=C:\Program Files\Java\jdk-9.0.4
PATH=C:\Program Files\Python36\Scripts\;C:\Program Files\Python36\;C:\Python\Anaconda3\Scripts\;C:\Python\Anaconda3\;C:\Program Files (x86)\Common Files\Oracle\Java\javapath;C:\ProgramData\Oracle\Java\javapath;C:\WINDOWS\system32;C:\WINDOWS;C:\WINDOWS\System32\Wbem;C:\WINDOWS\System32\WindowsPowerShell\v1.0\;C:\Program Files (x86)\NVIDIA Corporation\PhysX\Common;C:\Program Files\Java\jdk-9.0.4\BIN;C:\WINDOWS\system32;C:\WINDOWS;C:\WINDOWS\System32\Wbem;C:\WINDOWS\System32\WindowsPowerShell\v1.0\;C:\WINDOWS\System32\OpenSSH\;C:\Program Files\nodejs\;C:\Users\Ellis\AppData\Local\Microsoft\WindowsApps;C:\Users\Ellis\AppData\Local\GitHubDesktop\bin;C:\Program Files (x86)\Graphviz2.38\bin;C:\Users\Ellis\splint-3.1.1\bin;C:\Users\Ellis\AppData\Local\Microsoft\WindowsApps;C:\Users\Ellis\AppData\Roaming\npm;C:\adb;C:\Program Files\Git\cmd;C:\Apache24\bin;C:\Python\Anaconda3\Scripts\;C:\Python\Anaconda3\;C:\Users\Ellis\AppData\Local\Microsoft\WindowsApps;C:\Users\Ellis\AppData\Local\GitHubDesktop\bin;C:\Program Files (x86)\Graphviz2.38\bin;C:\Users\Ellis\splint-3.1.1\bin;C:\Users\Ellis\AppData\Local\Microsoft\WindowsApps;C:\Users\Ellis\AppData\Roaming\npm
USERNAME=Ellis
OS=Windows_NT
PROCESSOR_IDENTIFIER=Intel64 Family 6 Model 158 Stepping 9, GenuineIntel



---------------  S Y S T E M  ---------------

OS: Windows 10.0 , 64 bit Build 17134 (10.0.17134.1)

CPU:total 8 (initial active 8) (4 cores per cpu, 2 threads per core) family 6 model 158 stepping 9, cmov, cx8, fxsr, mmx, sse, sse2, sse3, ssse3, sse4.1, sse4.2, popcnt, avx, avx2, aes, clmul, erms, 3dnowpref, lzcnt, ht, tsc, tscinvbit, bmi1, bmi2, adx

Memory: 4k page, physical 8343516k(3570428k free), swap 8753116k(5240k free)

vm_info: OpenJDK 64-Bit Server VM (25.152-b06) for windows-amd64 JRE (1.8.0_152-release-1136-b06), built by "builder" with MS VC++ 10.0 (VS2010)

time: Sun Dec 09 13:05:15 2018
elapsed time: 0 seconds (0d 0h 0m 0s)

